#
# There is insufficient memory for the Java Runtime Environment to continue.
# Native memory allocation (mmap) failed to map 1398276096 bytes for committing reserved memory.
# Possible reasons:
#   The system is out of physical RAM or swap space
#   In 32 bit mode, the process size limit was hit
# Possible solutions:
#   Reduce memory load on the system
#   Increase physical memory or swap space
#   Check if swap backing store is full
#   Use 64 bit Java on a 64 bit OS
#   Decrease Java heap size (-Xmx/-Xms)
#   Decrease number of Java threads
#   Decrease Java thread stack sizes (-Xss)
#   Set larger code cache with -XX:ReservedCodeCacheSize=
# This output file may be truncated or incomplete.
#
#  Out of Memory Error (os_linux.cpp:2627), pid=17708, tid=0x00007fba270f4700
#
# JRE version:  (8.0_121-b13) (build )
# Java VM: Java HotSpot(TM) 64-Bit Server VM (25.121-b13 mixed mode linux-amd64 compressed oops)
# Failed to write core dump. Core dumps have been disabled. To enable core dumping, try "ulimit -c unlimited" before starting Java again
#

---------------  T H R E A D  ---------------

Current thread (0x00007fba2000e000):  JavaThread "Unknown thread" [_thread_in_vm, id=17709, stack(0x00007fba26ff4000,0x00007fba270f5000)]

Stack: [0x00007fba26ff4000,0x00007fba270f5000],  sp=0x00007fba270f33c0,  free space=1020k
Native frames: (J=compiled Java code, j=interpreted, Vv=VM code, C=native code)
V  [libjvm.so+0xac703a]  VMError::report_and_die()+0x2ba
V  [libjvm.so+0x4fc7eb]  report_vm_out_of_memory(char const*, int, unsigned long, VMErrorType, char const*)+0x8b
V  [libjvm.so+0x923c43]  os::Linux::commit_memory_impl(char*, unsigned long, bool)+0x103
V  [libjvm.so+0x924199]  os::pd_commit_memory(char*, unsigned long, unsigned long, bool)+0x29
V  [libjvm.so+0x91e4aa]  os::commit_memory(char*, unsigned long, unsigned long, bool)+0x2a
V  [libjvm.so+0x992f03]  PSVirtualSpace::expand_by(unsigned long)+0x53
V  [libjvm.so+0x983017]  PSOldGen::initialize(ReservedSpace, unsigned long, char const*, int)+0xb7
V  [libjvm.so+0x2d89aa]  AdjoiningGenerations::AdjoiningGenerations(ReservedSpace, GenerationSizer*, unsigned long)+0x39a
V  [libjvm.so+0x9472d6]  ParallelScavengeHeap::initialize()+0x1d6
V  [libjvm.so+0xa8eff3]  Universe::initialize_heap()+0xf3
V  [libjvm.so+0xa8f55e]  universe_init()+0x3e
V  [libjvm.so+0x63d4f5]  init_globals()+0x65
V  [libjvm.so+0xa72c4e]  Threads::create_vm(JavaVMInitArgs*, bool*)+0x23e
V  [libjvm.so+0x6d1d94]  JNI_CreateJavaVM+0x74
C  [libjli.so+0x745e]  JavaMain+0x9e
C  [libpthread.so.0+0x76fa]  start_thread+0xca


---------------  P R O C E S S  ---------------

Java Threads: ( => current thread )

Other Threads:

=>0x00007fba2000e000 (exited) JavaThread "Unknown thread" [_thread_in_vm, id=17709, stack(0x00007fba26ff4000,0x00007fba270f5000)]

VM state:not at safepoint (not fully initialized)

VM Mutex/Monitor currently owned by a thread: None

GC Heap History (0 events):
No events

Deoptimization events (0 events):
No events

Internal exceptions (0 events):
No events

Events (0 events):
No events


Dynamic libraries:
00400000-00401000 r-xp 00000000 08:05 2624842                            /home/mathias/javaVersions/jdk1.8.0_121/bin/java
00600000-00601000 rw-p 00000000 08:05 2624842                            /home/mathias/javaVersions/jdk1.8.0_121/bin/java
018ec000-0190d000 rw-p 00000000 00:00 0                                  [heap]
d6580000-100000000 rw-p 00000000 00:00 0 
7fba0ff97000-7fba1021e000 rw-p 00000000 00:00 0 
7fba1021e000-7fba104b8000 ---p 00000000 00:00 0 
7fba104b8000-7fba10611000 rw-p 00000000 00:00 0 
7fba10611000-7fba109c7000 ---p 00000000 00:00 0 
7fba109c7000-7fba10c37000 rwxp 00000000 00:00 0 
7fba10c37000-7fba1f9c7000 ---p 00000000 00:00 0 
7fba1f9c7000-7fba1f9e1000 r-xp 00000000 08:05 2624949                    /home/mathias/javaVersions/jdk1.8.0_121/jre/lib/amd64/libzip.so
7fba1f9e1000-7fba1fbe1000 ---p 0001a000 08:05 2624949                    /home/mathias/javaVersions/jdk1.8.0_121/jre/lib/amd64/libzip.so
7fba1fbe1000-7fba1fbe2000 rw-p 0001a000 08:05 2624949                    /home/mathias/javaVersions/jdk1.8.0_121/jre/lib/amd64/libzip.so
7fba1fbe2000-7fba1fbed000 r-xp 00000000 08:05 9179774                    /lib/x86_64-linux-gnu/libnss_files-2.23.so
7fba1fbed000-7fba1fdec000 ---p 0000b000 08:05 9179774                    /lib/x86_64-linux-gnu/libnss_files-2.23.so
7fba1fdec000-7fba1fded000 r--p 0000a000 08:05 9179774                    /lib/x86_64-linux-gnu/libnss_files-2.23.so
7fba1fded000-7fba1fdee000 rw-p 0000b000 08:05 9179774                    /lib/x86_64-linux-gnu/libnss_files-2.23.so
7fba1fdee000-7fba1fdf4000 rw-p 00000000 00:00 0 
7fba1fdf4000-7fba1fdff000 r-xp 00000000 08:05 9179784                    /lib/x86_64-linux-gnu/libnss_nis-2.23.so
7fba1fdff000-7fba1fffe000 ---p 0000b000 08:05 9179784                    /lib/x86_64-linux-gnu/libnss_nis-2.23.so
7fba1fffe000-7fba1ffff000 r--p 0000a000 08:05 9179784                    /lib/x86_64-linux-gnu/libnss_nis-2.23.so
7fba1ffff000-7fba20000000 rw-p 0000b000 08:05 9179784                    /lib/x86_64-linux-gnu/libnss_nis-2.23.so
7fba20000000-7fba2003a000 rw-p 00000000 00:00 0 
7fba2003a000-7fba24000000 ---p 00000000 00:00 0 
7fba24031000-7fba24047000 r-xp 00000000 08:05 9179768                    /lib/x86_64-linux-gnu/libnsl-2.23.so
7fba24047000-7fba24246000 ---p 00016000 08:05 9179768                    /lib/x86_64-linux-gnu/libnsl-2.23.so
7fba24246000-7fba24247000 r--p 00015000 08:05 9179768                    /lib/x86_64-linux-gnu/libnsl-2.23.so
7fba24247000-7fba24248000 rw-p 00016000 08:05 9179768                    /lib/x86_64-linux-gnu/libnsl-2.23.so
7fba24248000-7fba2424a000 rw-p 00000000 00:00 0 
7fba2424a000-7fba24252000 r-xp 00000000 08:05 9179770                    /lib/x86_64-linux-gnu/libnss_compat-2.23.so
7fba24252000-7fba24451000 ---p 00008000 08:05 9179770                    /lib/x86_64-linux-gnu/libnss_compat-2.23.so
7fba24451000-7fba24452000 r--p 00007000 08:05 9179770                    /lib/x86_64-linux-gnu/libnss_compat-2.23.so
7fba24452000-7fba24453000 rw-p 00008000 08:05 9179770                    /lib/x86_64-linux-gnu/libnss_compat-2.23.so
7fba24453000-7fba2477a000 r--p 00000000 08:05 4988047                    /usr/lib/locale/locale-archive
7fba2477a000-7fba2477c000 r-xp 00000000 08:05 2624957                    /home/mathias/javaVersions/jdk1.8.0_121/jre/lib/amd64/libnpt.so
7fba2477c000-7fba2497c000 ---p 00002000 08:05 2624957                    /home/mathias/javaVersions/jdk1.8.0_121/jre/lib/amd64/libnpt.so
7fba2497c000-7fba2497d000 rw-p 00002000 08:05 2624957                    /home/mathias/javaVersions/jdk1.8.0_121/jre/lib/amd64/libnpt.so
7fba2497d000-7fba249b6000 r-xp 00000000 08:05 2624923                    /home/mathias/javaVersions/jdk1.8.0_121/jre/lib/amd64/libjdwp.so
7fba249b6000-7fba24bb6000 ---p 00039000 08:05 2624923                    /home/mathias/javaVersions/jdk1.8.0_121/jre/lib/amd64/libjdwp.so
7fba24bb6000-7fba24bb7000 rw-p 00039000 08:05 2624923                    /home/mathias/javaVersions/jdk1.8.0_121/jre/lib/amd64/libjdwp.so
7fba24bb7000-7fba24bb8000 rw-p 00000000 00:00 0 
7fba24bb8000-7fba24be3000 r-xp 00000000 08:05 2624976                    /home/mathias/javaVersions/jdk1.8.0_121/jre/lib/amd64/libjava.so
7fba24be3000-7fba24de2000 ---p 0002b000 08:05 2624976                    /home/mathias/javaVersions/jdk1.8.0_121/jre/lib/amd64/libjava.so
7fba24de2000-7fba24de4000 rw-p 0002a000 08:05 2624976                    /home/mathias/javaVersions/jdk1.8.0_121/jre/lib/amd64/libjava.so
7fba24de4000-7fba24df1000 r-xp 00000000 08:05 2624927                    /home/mathias/javaVersions/jdk1.8.0_121/jre/lib/amd64/libverify.so
7fba24df1000-7fba24ff0000 ---p 0000d000 08:05 2624927                    /home/mathias/javaVersions/jdk1.8.0_121/jre/lib/amd64/libverify.so
7fba24ff0000-7fba24ff2000 rw-p 0000c000 08:05 2624927                    /home/mathias/javaVersions/jdk1.8.0_121/jre/lib/amd64/libverify.so
7fba24ff2000-7fba24ff9000 r-xp 00000000 08:05 9179829                    /lib/x86_64-linux-gnu/librt-2.23.so
7fba24ff9000-7fba251f8000 ---p 00007000 08:05 9179829                    /lib/x86_64-linux-gnu/librt-2.23.so
7fba251f8000-7fba251f9000 r--p 00006000 08:05 9179829                    /lib/x86_64-linux-gnu/librt-2.23.so
7fba251f9000-7fba251fa000 rw-p 00007000 08:05 9179829                    /lib/x86_64-linux-gnu/librt-2.23.so
7fba251fa000-7fba25302000 r-xp 00000000 08:05 9179745                    /lib/x86_64-linux-gnu/libm-2.23.so
7fba25302000-7fba25501000 ---p 00108000 08:05 9179745                    /lib/x86_64-linux-gnu/libm-2.23.so
7fba25501000-7fba25502000 r--p 00107000 08:05 9179745                    /lib/x86_64-linux-gnu/libm-2.23.so
7fba25502000-7fba25503000 rw-p 00108000 08:05 9179745                    /lib/x86_64-linux-gnu/libm-2.23.so
7fba25503000-7fba261d1000 r-xp 00000000 08:05 2624980                    /home/mathias/javaVersions/jdk1.8.0_121/jre/lib/amd64/server/libjvm.so
7fba261d1000-7fba263d1000 ---p 00cce000 08:05 2624980                    /home/mathias/javaVersions/jdk1.8.0_121/jre/lib/amd64/server/libjvm.so
7fba263d1000-7fba264aa000 rw-p 00cce000 08:05 2624980                    /home/mathias/javaVersions/jdk1.8.0_121/jre/lib/amd64/server/libjvm.so
7fba264aa000-7fba264f5000 rw-p 00000000 00:00 0 
7fba264f5000-7fba266b5000 r-xp 00000000 08:05 9179675                    /lib/x86_64-linux-gnu/libc-2.23.so
7fba266b5000-7fba268b4000 ---p 001c0000 08:05 9179675                    /lib/x86_64-linux-gnu/libc-2.23.so
7fba268b4000-7fba268b8000 r--p 001bf000 08:05 9179675                    /lib/x86_64-linux-gnu/libc-2.23.so
7fba268b8000-7fba268ba000 rw-p 001c3000 08:05 9179675                    /lib/x86_64-linux-gnu/libc-2.23.so
7fba268ba000-7fba268be000 rw-p 00000000 00:00 0 
7fba268be000-7fba268c1000 r-xp 00000000 08:05 9179699                    /lib/x86_64-linux-gnu/libdl-2.23.so
7fba268c1000-7fba26ac0000 ---p 00003000 08:05 9179699                    /lib/x86_64-linux-gnu/libdl-2.23.so
7fba26ac0000-7fba26ac1000 r--p 00002000 08:05 9179699                    /lib/x86_64-linux-gnu/libdl-2.23.so
7fba26ac1000-7fba26ac2000 rw-p 00003000 08:05 9179699                    /lib/x86_64-linux-gnu/libdl-2.23.so
7fba26ac2000-7fba26ad7000 r-xp 00000000 08:05 2624061                    /home/mathias/javaVersions/jdk1.8.0_121/lib/amd64/jli/libjli.so
7fba26ad7000-7fba26cd7000 ---p 00015000 08:05 2624061                    /home/mathias/javaVersions/jdk1.8.0_121/lib/amd64/jli/libjli.so
7fba26cd7000-7fba26cd8000 rw-p 00015000 08:05 2624061                    /home/mathias/javaVersions/jdk1.8.0_121/lib/amd64/jli/libjli.so
7fba26cd8000-7fba26cf0000 r-xp 00000000 08:05 9179821                    /lib/x86_64-linux-gnu/libpthread-2.23.so
7fba26cf0000-7fba26eef000 ---p 00018000 08:05 9179821                    /lib/x86_64-linux-gnu/libpthread-2.23.so
7fba26eef000-7fba26ef0000 r--p 00017000 08:05 9179821                    /lib/x86_64-linux-gnu/libpthread-2.23.so
7fba26ef0000-7fba26ef1000 rw-p 00018000 08:05 9179821                    /lib/x86_64-linux-gnu/libpthread-2.23.so
7fba26ef1000-7fba26ef5000 rw-p 00000000 00:00 0 
7fba26ef5000-7fba26f1b000 r-xp 00000000 08:05 9179647                    /lib/x86_64-linux-gnu/ld-2.23.so
7fba26ff4000-7fba26ff7000 ---p 00000000 00:00 0 
7fba26ff7000-7fba270f9000 rw-p 00000000 00:00 0 
7fba2710e000-7fba27116000 rw-s 00000000 08:05 2625737                    /tmp/hsperfdata_mathias/17708
7fba27116000-7fba27117000 rw-p 00000000 00:00 0 
7fba27117000-7fba27118000 r--p 00000000 00:00 0 
7fba27118000-7fba2711a000 rw-p 00000000 00:00 0 
7fba2711a000-7fba2711b000 r--p 00025000 08:05 9179647                    /lib/x86_64-linux-gnu/ld-2.23.so
7fba2711b000-7fba2711c000 rw-p 00026000 08:05 9179647                    /lib/x86_64-linux-gnu/ld-2.23.so
7fba2711c000-7fba2711d000 rw-p 00000000 00:00 0 
7ffea5a68000-7ffea5a89000 rw-p 00000000 00:00 0                          [stack]
7ffea5b86000-7ffea5b88000 r--p 00000000 00:00 0                          [vvar]
7ffea5b88000-7ffea5b8a000 r-xp 00000000 00:00 0                          [vdso]
ffffffffff600000-ffffffffff601000 r-xp 00000000 00:00 0                  [vsyscall]

VM Arguments:
jvm_args: -agentlib:jdwp=transport=dt_socket,address=127.0.0.1:36361,suspend=y,server=n -Xmx2000m -Xms2000m -Dfile.encoding=UTF-8 
java_command: Executor -Xmx2000m -Xms2000m
java_class_path (initial): /home/mathias/javaVersions/jdk1.8.0_121/jre/lib/charsets.jar:/home/mathias/javaVersions/jdk1.8.0_121/jre/lib/deploy.jar:/home/mathias/javaVersions/jdk1.8.0_121/jre/lib/ext/cldrdata.jar:/home/mathias/javaVersions/jdk1.8.0_121/jre/lib/ext/dnsns.jar:/home/mathias/javaVersions/jdk1.8.0_121/jre/lib/ext/jaccess.jar:/home/mathias/javaVersions/jdk1.8.0_121/jre/lib/ext/jfxrt.jar:/home/mathias/javaVersions/jdk1.8.0_121/jre/lib/ext/localedata.jar:/home/mathias/javaVersions/jdk1.8.0_121/jre/lib/ext/nashorn.jar:/home/mathias/javaVersions/jdk1.8.0_121/jre/lib/ext/sunec.jar:/home/mathias/javaVersions/jdk1.8.0_121/jre/lib/ext/sunjce_provider.jar:/home/mathias/javaVersions/jdk1.8.0_121/jre/lib/ext/sunpkcs11.jar:/home/mathias/javaVersions/jdk1.8.0_121/jre/lib/ext/zipfs.jar:/home/mathias/javaVersions/jdk1.8.0_121/jre/lib/javaws.jar:/home/mathias/javaVersions/jdk1.8.0_121/jre/lib/jce.jar:/home/mathias/javaVersions/jdk1.8.0_121/jre/lib/jfr.jar:/home/mathias/javaVersions/jdk1.8.0_121/jre/lib/jfxswt.jar:/home/mathias/javaVersions/jdk1.8.0_121/jre/lib/jsse.jar:/home/mathias/javaVersions/jdk1.8.0_121/jre/lib/management-agent.jar:/home/mathias/javaVersions/jdk1.8.0_121/jre/lib/plugin.jar:/home/mathias/javaVersions/jdk1.8.0_121/jre/lib/resources.jar:/home/mathias/javaVersions/jdk1.8.0_121/jre/lib/rt.jar:/home/mathias/Desktop/patternRecognition/PatternRecognition/Exercise 2/out/production/PatternRecognition:/home/mathias/Downloads/jblas-1.2.4.jar:/home/mathias/intellij/lib/idea_rt.jar
Launcher Type: SUN_STANDARD

Environment Variables:
PATH=/usr/local/sbin:/usr/local/bin:/usr/sbin:/usr/bin:/sbin:/bin:/usr/games:/usr/local/games
USERNAME=mathias
LD_LIBRARY_PATH=/home/mathias/intellij/bin:
SHELL=/bin/bash
DISPLAY=:0

Signal Handlers:
SIGSEGV: [libjvm.so+0xac78c0], sa_mask[0]=11111111011111111101111111111110, sa_flags=SA_RESTART|SA_SIGINFO
SIGBUS: [libjvm.so+0xac78c0], sa_mask[0]=11111111011111111101111111111110, sa_flags=SA_RESTART|SA_SIGINFO
SIGFPE: [libjvm.so+0x920ac0], sa_mask[0]=11111111011111111101111111111110, sa_flags=SA_RESTART|SA_SIGINFO
SIGPIPE: [libjvm.so+0x920ac0], sa_mask[0]=11111111011111111101111111111110, sa_flags=SA_RESTART|SA_SIGINFO
SIGXFSZ: [libjvm.so+0x920ac0], sa_mask[0]=11111111011111111101111111111110, sa_flags=SA_RESTART|SA_SIGINFO
SIGILL: [libjvm.so+0x920ac0], sa_mask[0]=11111111011111111101111111111110, sa_flags=SA_RESTART|SA_SIGINFO
SIGUSR1: SIG_DFL, sa_mask[0]=00000000000000000000000000000000, sa_flags=none
SIGUSR2: [libjvm.so+0x922300], sa_mask[0]=00100000000000000000000000000000, sa_flags=SA_RESTART|SA_SIGINFO
SIGHUP: SIG_DFL, sa_mask[0]=00000000000000000000000000000000, sa_flags=none
SIGINT: SIG_DFL, sa_mask[0]=00000000000000000000000000000000, sa_flags=none
SIGTERM: SIG_DFL, sa_mask[0]=00000000000000000000000000000000, sa_flags=none
SIGQUIT: SIG_DFL, sa_mask[0]=00000000000000000000000000000000, sa_flags=none


---------------  S Y S T E M  ---------------

OS:DISTRIB_ID=LinuxMint
DISTRIB_RELEASE=18
DISTRIB_CODENAME=sarah
DISTRIB_DESCRIPTION="Linux Mint 18 Sarah"

uname:Linux 4.4.0-21-generic #37-Ubuntu SMP Mon Apr 18 18:33:37 UTC 2016 x86_64
libc:glibc 2.23 NPTL 2.23 
rlimit: STACK 8192k, CORE 0k, NPROC 30707, NOFILE 65536, AS infinity
load average:1,23 0,60 0,77

/proc/meminfo:
MemTotal:        7902308 kB
MemFree:          566620 kB
MemAvailable:    1112252 kB
Buffers:           31320 kB
Cached:          1581916 kB
SwapCached:            0 kB
Active:          5703044 kB
Inactive:        1360244 kB
Active(anon):    5503756 kB
Inactive(anon):  1015192 kB
Active(file):     199288 kB
Inactive(file):   345052 kB
Unevictable:         952 kB
Mlocked:             952 kB
SwapTotal:             0 kB
SwapFree:              0 kB
Dirty:               476 kB
Writeback:             0 kB
AnonPages:       5451924 kB
Mapped:          1136456 kB
Shmem:           1068244 kB
Slab:              97484 kB
SReclaimable:      43136 kB
SUnreclaim:        54348 kB
KernelStack:       15776 kB
PageTables:        79952 kB
NFS_Unstable:          0 kB
Bounce:                0 kB
WritebackTmp:          0 kB
CommitLimit:     3951152 kB
Committed_AS:   15797564 kB
VmallocTotal:   34359738367 kB
VmallocUsed:           0 kB
VmallocChunk:          0 kB
HardwareCorrupted:     0 kB
AnonHugePages:   1677312 kB
CmaTotal:              0 kB
CmaFree:               0 kB
HugePages_Total:       0
HugePages_Free:        0
HugePages_Rsvd:        0
HugePages_Surp:        0
Hugepagesize:       2048 kB
DirectMap4k:      231344 kB
DirectMap2M:     7882752 kB
DirectMap1G:           0 kB


CPU:total 4 (2 cores per cpu, 2 threads per core) family 6 model 61 stepping 4, cmov, cx8, fxsr, mmx, sse, sse2, sse3, ssse3, sse4.1, sse4.2, popcnt, avx, avx2, aes, clmul, erms, 3dnowpref, lzcnt, ht, tsc, tscinvbit, bmi1, bmi2, adx

/proc/cpuinfo:
processor	: 0
vendor_id	: GenuineIntel
cpu family	: 6
model		: 61
model name	: Intel(R) Core(TM) i7-5500U CPU @ 2.40GHz
stepping	: 4
microcode	: 0x21
cpu MHz		: 2901.093
cache size	: 4096 KB
physical id	: 0
siblings	: 4
core id		: 0
cpu cores	: 2
apicid		: 0
initial apicid	: 0
fpu		: yes
fpu_exception	: yes
cpuid level	: 20
wp		: yes
flags		: fpu vme de pse tsc msr pae mce cx8 apic sep mtrr pge mca cmov pat pse36 clflush dts acpi mmx fxsr sse sse2 ss ht tm pbe syscall nx pdpe1gb rdtscp lm constant_tsc arch_perfmon pebs bts rep_good nopl xtopology nonstop_tsc aperfmperf eagerfpu pni pclmulqdq dtes64 monitor ds_cpl vmx est tm2 ssse3 sdbg fma cx16 xtpr pdcm pcid sse4_1 sse4_2 x2apic movbe popcnt tsc_deadline_timer aes xsave avx f16c rdrand lahf_lm abm 3dnowprefetch epb intel_pt tpr_shadow vnmi flexpriority ept vpid fsgsbase tsc_adjust bmi1 avx2 smep bmi2 erms invpcid rdseed adx smap xsaveopt dtherm ida arat pln pts
bugs		:
bogomips	: 4788.57
clflush size	: 64
cache_alignment	: 64
address sizes	: 39 bits physical, 48 bits virtual
power management:

processor	: 1
vendor_id	: GenuineIntel
cpu family	: 6
model		: 61
model name	: Intel(R) Core(TM) i7-5500U CPU @ 2.40GHz
stepping	: 4
microcode	: 0x21
cpu MHz		: 2900.062
cache size	: 4096 KB
physical id	: 0
siblings	: 4
core id		: 0
cpu cores	: 2
apicid		: 1
initial apicid	: 1
fpu		: yes
fpu_exception	: yes
cpuid level	: 20
wp		: yes
flags		: fpu vme de pse tsc msr pae mce cx8 apic sep mtrr pge mca cmov pat pse36 clflush dts acpi mmx fxsr sse sse2 ss ht tm pbe syscall nx pdpe1gb rdtscp lm constant_tsc arch_perfmon pebs bts rep_good nopl xtopology nonstop_tsc aperfmperf eagerfpu pni pclmulqdq dtes64 monitor ds_cpl vmx est tm2 ssse3 sdbg fma cx16 xtpr pdcm pcid sse4_1 sse4_2 x2apic movbe popcnt tsc_deadline_timer aes xsave avx f16c rdrand lahf_lm abm 3dnowprefetch epb intel_pt tpr_shadow vnmi flexpriority ept vpid fsgsbase tsc_adjust bmi1 avx2 smep bmi2 erms invpcid rdseed adx smap xsaveopt dtherm ida arat pln pts
bugs		:
bogomips	: 4788.57
clflush size	: 64
cache_alignment	: 64
address sizes	: 39 bits physical, 48 bits virtual
power management:

processor	: 2
vendor_id	: GenuineIntel
cpu family	: 6
model		: 61
model name	: Intel(R) Core(TM) i7-5500U CPU @ 2.40GHz
stepping	: 4
microcode	: 0x21
cpu MHz		: 2899.968
cache size	: 4096 KB
physical id	: 0
siblings	: 4
core id		: 1
cpu cores	: 2
apicid		: 2
initial apicid	: 2
fpu		: yes
fpu_exception	: yes
cpuid level	: 20
wp		: yes
flags		: fpu vme de pse tsc msr pae mce cx8 apic sep mtrr pge mca cmov pat pse36 clflush dts acpi mmx fxsr sse sse2 ss ht tm pbe syscall nx pdpe1gb rdtscp lm constant_tsc arch_perfmon pebs bts rep_good nopl xtopology nonstop_tsc aperfmperf eagerfpu pni pclmulqdq dtes64 monitor ds_cpl vmx est tm2 ssse3 sdbg fma cx16 xtpr pdcm pcid sse4_1 sse4_2 x2apic movbe popcnt tsc_deadline_timer aes xsave avx f16c rdrand lahf_lm abm 3dnowprefetch epb intel_pt tpr_shadow vnmi flexpriority ept vpid fsgsbase tsc_adjust bmi1 avx2 smep bmi2 erms invpcid rdseed adx smap xsaveopt dtherm ida arat pln pts
bugs		:
bogomips	: 4788.57
clflush size	: 64
cache_alignment	: 64
address sizes	: 39 bits physical, 48 bits virtual
power management:

processor	: 3
vendor_id	: GenuineIntel
cpu family	: 6
model		: 61
model name	: Intel(R) Core(TM) i7-5500U CPU @ 2.40GHz
stepping	: 4
microcode	: 0x21
cpu MHz		: 2899.968
cache size	: 4096 KB
physical id	: 0
siblings	: 4
core id		: 1
cpu cores	: 2
apicid		: 3
initial apicid	: 3
fpu		: yes
fpu_exception	: yes
cpuid level	: 20
wp		: yes
flags		: fpu vme de pse tsc msr pae mce cx8 apic sep mtrr pge mca cmov pat pse36 clflush dts acpi mmx fxsr sse sse2 ss ht tm pbe syscall nx pdpe1gb rdtscp lm constant_tsc arch_perfmon pebs bts rep_good nopl xtopology nonstop_tsc aperfmperf eagerfpu pni pclmulqdq dtes64 monitor ds_cpl vmx est tm2 ssse3 sdbg fma cx16 xtpr pdcm pcid sse4_1 sse4_2 x2apic movbe popcnt tsc_deadline_timer aes xsave avx f16c rdrand lahf_lm abm 3dnowprefetch epb intel_pt tpr_shadow vnmi flexpriority ept vpid fsgsbase tsc_adjust bmi1 avx2 smep bmi2 erms invpcid rdseed adx smap xsaveopt dtherm ida arat pln pts
bugs		:
bogomips	: 4788.57
clflush size	: 64
cache_alignment	: 64
address sizes	: 39 bits physical, 48 bits virtual
power management:



Memory: 4k page, physical 7902308k(566620k free), swap 0k(0k free)

vm_info: Java HotSpot(TM) 64-Bit Server VM (25.121-b13) for linux-amd64 JRE (1.8.0_121-b13), built on Dec 12 2016 16:36:53 by "java_re" with gcc 4.3.0 20080428 (Red Hat 4.3.0-8)

time: Fri Mar 17 18:47:28 2017
elapsed time: 0 seconds (0d 0h 0m 0s)

